2018-03-19 08:50:25 INFO  main [mitsuba.cpp:275] Mitsuba version 0.5.0 (Linux, 64 bit), Copyright (c) 2014 Wenzel Jakob
2018-03-19 08:50:25 INFO  main [mitsuba.cpp:377] Parsing scene description from "killeroo3.xml" ..
2018-03-19 08:50:25 INFO  main [PluginManager] Loading plugin "plugins/path.so" ..
2018-03-19 08:50:25 INFO  main [PluginManager] Loading plugin "plugins/diffuse.so" ..
2018-03-19 08:50:25 INFO  main [PluginManager] Loading plugin "plugins/rectangle.so" ..
2018-03-19 08:50:25 INFO  main [PluginManager] Loading plugin "plugins/irid.so" ..
2018-03-19 08:50:25 INFO  main [spectrum.cpp:601] "Cu.eta.spd": loaded a spectral power distribution with 55 entries (between 302.400421 and 885.601257 nm)
2018-03-19 08:50:25 INFO  main [spectrum.cpp:601] "Cu.k.spd": loaded a spectral power distribution with 55 entries (between 302.400421 and 885.601257 nm)
2018-03-19 08:50:25 INFO  main [PluginManager] Loading plugin "plugins/obj.so" ..
2018-03-19 08:50:25 INFO  main [WavefrontOBJ] Loading geometry from "killeroo.obj" ..
2018-03-19 08:50:25 INFO  main [WavefrontOBJ] killeroo: 24334 triangles, 17512 vertices (merged 55490 vertices).
2018-03-19 08:50:25 INFO  main [WavefrontOBJ] Done with "killeroo.obj" (took 103 ms)
2018-03-19 08:50:25 WARN  main [scenehandler.cpp:795] In file "/home/zim/Desktop/ComputerGraphics/Research_S2018/Images/killeroo3.xml" (near line 51): Unqueried attribute "killeroo" in element "shape"
2018-03-19 08:50:25 INFO  main [PluginManager] Loading plugin "plugins/ldsampler.so" ..
2018-03-19 08:50:25 INFO  main [PluginManager] Loading plugin "plugins/gaussian.so" ..
2018-03-19 08:50:25 INFO  main [PluginManager] Loading plugin "plugins/hdrfilm.so" ..
2018-03-19 08:50:25 INFO  main [PluginManager] Loading plugin "plugins/perspective.so" ..
2018-03-19 08:50:25 INFO  main [PluginManager] Loading plugin "plugins/constant.so" ..
2018-03-19 08:50:25 INFO  ren0 [KDTreeBase] Constructing a SAH kd-tree (24335 primitives) ..
2018-03-19 08:50:26 INFO  ren0 [KDTreeBase] Finished -- took 159 ms.
2018-03-19 08:50:26 INFO  ren0 [PluginManager] Loading plugin "plugins/sphere.so" ..
2018-03-19 08:50:26 INFO  ren0 [SamplingIntegrator] Starting render job (1920x1080, 64 samples, 8 cores, SSE2 enabled) ..
2018-03-19 08:51:11 INFO  ren0 [RenderJob] Render time: 45.4500s
2018-03-19 08:51:11 INFO  ren0 [HDRFilm] Writing image to "/home/zim/Desktop/ComputerGraphics/Research_S2018/Images/killeroo3.exr" ..
2018-03-19 08:51:11 INFO  main [statistics.cpp:142] Statistics:
------------------------------------------------------------
 * Loaded plugins :
    -  plugins/constant.so [Constant background emitter]
    -  plugins/diffuse.so [Smooth diffuse BRDF]
    -  plugins/gaussian.so [Gaussian reconstruction filter]
    -  plugins/hdrfilm.so [High dynamic range film]
    -  plugins/irid.so [Rough conductor BRDF with Iridescence]
    -  plugins/ldsampler.so [Low discrepancy sampler]
    -  plugins/obj.so [OBJ triangle mesh loader]
    -  plugins/path.so [MI path tracer]
    -  plugins/perspective.so [Perspective camera]
    -  plugins/rectangle.so [Rectangle intersection primitive]
    -  plugins/sphere.so [Sphere intersection primitive]

  * General :
    -  Normal rays traced : 236.046 M
    -  Shadow rays traced : 103.675 M

  * Path tracer :
    -  Average path length : 1.13 (150.57 M / 132.71 M)
------------------------------------------------------------
